0 info it worked if it ends with ok
1 verbose cli [ 'C:\\Program Files\\nodejs\\\\node.exe',
1 verbose cli   'C:\\Program Files\\nodejs\\node_modules\\npm\\bin\\npm-cli.js',
1 verbose cli   'install',
1 verbose cli   'angular-permission',
1 verbose cli   '--save' ]
2 info using npm@1.4.28
3 info using node@v0.10.32
4 verbose node symlink C:\Program Files\nodejs\\node.exe
5 verbose readDependencies using package.json deps
6 verbose cache add [ 'angular-permission', null ]
7 verbose cache add name=undefined spec="angular-permission" args=["angular-permission",null]
8 verbose parsed url { protocol: null,
8 verbose parsed url   slashes: null,
8 verbose parsed url   auth: null,
8 verbose parsed url   host: null,
8 verbose parsed url   port: null,
8 verbose parsed url   hostname: null,
8 verbose parsed url   hash: null,
8 verbose parsed url   search: null,
8 verbose parsed url   query: null,
8 verbose parsed url   pathname: 'angular-permission',
8 verbose parsed url   path: 'angular-permission',
8 verbose parsed url   href: 'angular-permission' }
9 silly lockFile c8f146b7-angular-permission angular-permission
10 verbose lock angular-permission C:\Users\frank\AppData\Roaming\npm-cache\c8f146b7-angular-permission.lock
11 silly lockFile c8f146b7-angular-permission angular-permission
12 silly lockFile c8f146b7-angular-permission angular-permission
13 verbose addNamed [ 'angular-permission', '' ]
14 verbose addNamed [ null, '*' ]
15 silly lockFile 346c26ee-angular-permission angular-permission@
16 verbose lock angular-permission@ C:\Users\frank\AppData\Roaming\npm-cache\346c26ee-angular-permission.lock
17 silly addNameRange { name: 'angular-permission', range: '*', hasData: false }
18 verbose request where is /angular-permission
19 verbose request registry https://registry.npmjs.org/
20 verbose request id 4b55fcbf1262bcfc
21 verbose url raw /angular-permission
22 verbose url resolving [ 'https://registry.npmjs.org/', './angular-permission' ]
23 verbose url resolved https://registry.npmjs.org/angular-permission
24 verbose request where is https://registry.npmjs.org/angular-permission
25 info trying registry request attempt 1 at 11:40:54
26 http GET https://registry.npmjs.org/angular-permission
27 http 404 https://registry.npmjs.org/angular-permission
28 verbose headers { date: 'Fri, 07 Nov 2014 01:11:02 GMT',
28 verbose headers   server: 'CouchDB/1.5.0 (Erlang OTP/R16B03)',
28 verbose headers   'content-type': 'application/json',
28 verbose headers   'cache-control': 'max-age=0',
28 verbose headers   'content-length': '52',
28 verbose headers   'accept-ranges': 'bytes',
28 verbose headers   via: '1.1 varnish',
28 verbose headers   age: '0',
28 verbose headers   'x-served-by': 'cache-syd1622-SYD',
28 verbose headers   'x-cache': 'MISS',
28 verbose headers   'x-cache-hits': '0',
28 verbose headers   'x-timer': 'S1415322661.324720,VS0,VE754',
28 verbose headers   'keep-alive': 'timeout=10, max=50',
28 verbose headers   connection: 'Keep-Alive' }
29 silly registry.get cb [ 404,
29 silly registry.get   { date: 'Fri, 07 Nov 2014 01:11:02 GMT',
29 silly registry.get     server: 'CouchDB/1.5.0 (Erlang OTP/R16B03)',
29 silly registry.get     'content-type': 'application/json',
29 silly registry.get     'cache-control': 'max-age=0',
29 silly registry.get     'content-length': '52',
29 silly registry.get     'accept-ranges': 'bytes',
29 silly registry.get     via: '1.1 varnish',
29 silly registry.get     age: '0',
29 silly registry.get     'x-served-by': 'cache-syd1622-SYD',
29 silly registry.get     'x-cache': 'MISS',
29 silly registry.get     'x-cache-hits': '0',
29 silly registry.get     'x-timer': 'S1415322661.324720,VS0,VE754',
29 silly registry.get     'keep-alive': 'timeout=10, max=50',
29 silly registry.get     connection: 'Keep-Alive' } ]
30 silly lockFile 346c26ee-angular-permission angular-permission@
31 silly lockFile 346c26ee-angular-permission angular-permission@
32 error 404 404 Not Found: angular-permission
32 error 404
32 error 404 'angular-permission' is not in the npm registry.
32 error 404 You should bug the author to publish it
32 error 404 It was specified as a dependency of 'fitecity'
32 error 404
32 error 404 Note that you can also install from a
32 error 404 tarball, folder, or http url, or git url.
33 error System Windows_NT 6.1.7601
34 error command "C:\\Program Files\\nodejs\\\\node.exe" "C:\\Program Files\\nodejs\\node_modules\\npm\\bin\\npm-cli.js" "install" "angular-permission" "--save"
35 error cwd D:\Github\web-service\public
36 error node -v v0.10.32
37 error npm -v 1.4.28
38 error code E404
39 verbose exit [ 1, true ]
